#-----------------------------------------------------------
# Vivado v2018.3 (64-bit)
# SW Build 2405991 on Thu Dec  6 23:38:27 MST 2018
# IP Build 2404404 on Fri Dec  7 01:43:56 MST 2018
# Start of session at: Fri Feb 10 21:28:18 2023
# Process ID: 7484
# Current directory: C:/Users/liuzhouquan/Desktop/LPR/liuzhouquan_lizhaoyang/vivado/hls
# Command line: vivado.exe -gui_launcher_event rodinguilauncherevent9936 C:\Users\liuzhouquan\Desktop\LPR\liuzhouquan_lizhaoyang\vivado\hls\cnn_hls.xpr
# Log file: C:/Users/liuzhouquan/Desktop/LPR/liuzhouquan_lizhaoyang/vivado/hls/vivado.log
# Journal file: C:/Users/liuzhouquan/Desktop/LPR/liuzhouquan_lizhaoyang/vivado/hls\vivado.jou
#-----------------------------------------------------------
start_gui
open_project C:/Users/liuzhouquan/Desktop/LPR/liuzhouquan_lizhaoyang/vivado/hls/cnn_hls.xpr
INFO: [Project 1-313] Project file moved from 'D:/personal_srcs/homework/cnn/cnn_hls' since last save.
Scanning sources...
Finished scanning sources
WARNING: [filemgmt 56-2] IP Repository Path: Could not find the directory 'C:/Users/liuzhouquan/Desktop/LPR/liuzhouquan_lizhaoyang/ip_cnn_conv/conv_hls/solution1/impl/ip', nor could it be found using path 'D:/personal_srcs/homework/ip_cnn_conv/conv_hls/solution1/impl/ip'.
WARNING: [filemgmt 56-2] IP Repository Path: Could not find the directory 'C:/Users/liuzhouquan/Desktop/LPR/liuzhouquan_lizhaoyang/ip_cnn_pool/cnn_hls/solution1/impl/ip', nor could it be found using path 'D:/personal_srcs/homework/ip_cnn_pool/cnn_hls/solution1/impl/ip'.
CRITICAL WARNING: [Board 49-67] The board_part definition was not found for tul.com.tw:pynq-z2:part0:1.0. This can happen sometimes when you use custom board part. You can resolve this issue by setting 'board.repoPaths' parameter, pointing to the location of custom board files. Valid board_part values can be retrieved with the 'get_board_parts' Tcl command.
INFO: [IP_Flow 19-234] Refreshing IP repositories
WARNING: [IP_Flow 19-2248] Failed to load user IP repository 'c:/Users/liuzhouquan/Desktop/LPR/liuzhouquan_lizhaoyang/ip_cnn_conv/conv_hls/solution1/impl/ip'; Can't find the specified path.
If this directory should no longer be in your list of user repositories, go to the IP Settings dialog and remove it.
WARNING: [IP_Flow 19-2248] Failed to load user IP repository 'c:/Users/liuzhouquan/Desktop/LPR/liuzhouquan_lizhaoyang/ip_cnn_pool/cnn_hls/solution1/impl/ip'; Can't find the specified path.
If this directory should no longer be in your list of user repositories, go to the IP Settings dialog and remove it.
INFO: [IP_Flow 19-2313] Loaded Vivado IP repository 'D:/FPGA/vivado/Vivado/2018.3/data/ip'.
WARNING: [BD 41-1661] One or more IPs have been locked in the design 'design_1.bd'. Please run report_ip_status for more details and recommendations on how to fix this issue.
List of locked IPs:
design_1_Conv_0_0
design_1_processing_system7_0_0
design_1_rst_ps7_0_100M_0
design_1_pooling_0_1
design_1_axi_smc_0
design_1_axi_smc_1_0

open_project: Time (s): cpu = 00:00:24 ; elapsed = 00:00:11 . Memory (MB): peak = 777.711 ; gain = 159.844
update_compile_order -fileset sources_1
exit
INFO: [Common 17-206] Exiting Vivado at Fri Feb 10 21:29:05 2023...
