#-----------------------------------------------------------
# Vivado v2018.3 (64-bit)
# SW Build 2405991 on Thu Dec  6 23:38:27 MST 2018
# IP Build 2404404 on Fri Dec  7 01:43:56 MST 2018
# Start of session at: Wed Feb  8 12:30:30 2023
# Process ID: 8436
# Current directory: C:/Users/liuzhouquan/Desktop/remotes/liuzhouquan_lizhaoyang/vivado/hls
# Command line: vivado.exe -gui_launcher_event rodinguilauncherevent11552 C:\Users\liuzhouquan\Desktop\remotes\liuzhouquan_lizhaoyang\vivado\hls\cnn_hls.xpr
# Log file: C:/Users/liuzhouquan/Desktop/remotes/liuzhouquan_lizhaoyang/vivado/hls/vivado.log
# Journal file: C:/Users/liuzhouquan/Desktop/remotes/liuzhouquan_lizhaoyang/vivado/hls\vivado.jou
#-----------------------------------------------------------
start_gui
open_project C:/Users/liuzhouquan/Desktop/remotes/liuzhouquan_lizhaoyang/vivado/hls/cnn_hls.xpr
INFO: [Project 1-313] Project file moved from 'D:/personal_srcs/homework/cnn/cnn_hls' since last save.
Scanning sources...
Finished scanning sources
INFO: [filemgmt 56-1] IP Repository Path: Directory not found as 'C:/Users/liuzhouquan/Desktop/remotes/liuzhouquan_lizhaoyang/ip_cnn_conv/conv_hls/solution1/impl/ip'; using path 'D:/personal_srcs/homework/ip_cnn_conv/conv_hls/solution1/impl/ip' instead.
INFO: [filemgmt 56-1] IP Repository Path: Directory not found as 'C:/Users/liuzhouquan/Desktop/remotes/liuzhouquan_lizhaoyang/ip_cnn_pool/cnn_hls/solution1/impl/ip'; using path 'D:/personal_srcs/homework/ip_cnn_pool/cnn_hls/solution1/impl/ip' instead.
INFO: [IP_Flow 19-234] Refreshing IP repositories
INFO: [IP_Flow 19-1700] Loaded user IP repository 'd:/personal_srcs/homework/ip_cnn_conv/conv_hls/solution1/impl/ip'.
INFO: [IP_Flow 19-1700] Loaded user IP repository 'd:/personal_srcs/homework/ip_cnn_pool/cnn_hls/solution1/impl/ip'.
INFO: [IP_Flow 19-2313] Loaded Vivado IP repository 'E:/FPGA/vivado/Vivado/2018.3/data/ip'.
open_project: Time (s): cpu = 00:00:10 ; elapsed = 00:00:06 . Memory (MB): peak = 739.324 ; gain = 125.117
open_bd_design {C:/Users/liuzhouquan/Desktop/remotes/liuzhouquan_lizhaoyang/vivado/hls/cnn_hls.srcs/sources_1/bd/design_1/design_1.bd}
Adding cell -- xilinx.com:ip:processing_system7:5.5 - processing_system7_0
Adding cell -- xilinx.com:ip:smartconnect:1.0 - axi_smc
Adding cell -- xilinx.com:ip:proc_sys_reset:5.0 - rst_ps7_0_100M
Adding cell -- xilinx.com:ip:smartconnect:1.0 - axi_smc_1
Adding cell -- xilinx.com:ip:axi_interconnect:2.1 - ps7_0_axi_periph
Adding cell -- xilinx.com:ip:axi_crossbar:2.1 - xbar
Adding cell -- xilinx.com:ip:axi_protocol_converter:2.1 - auto_pc
Adding cell -- xilinx.com:hls:pooling:1.0 - pooling_0
Adding cell -- xilinx.com:hls:Conv:1.0 - Conv_0
Successfully read diagram <design_1> from BD file <C:/Users/liuzhouquan/Desktop/remotes/liuzhouquan_lizhaoyang/vivado/hls/cnn_hls.srcs/sources_1/bd/design_1/design_1.bd>
open_bd_design: Time (s): cpu = 00:00:05 ; elapsed = 00:00:05 . Memory (MB): peak = 1062.215 ; gain = 94.855
update_compile_order -fileset sources_1
exit
INFO: [Common 17-206] Exiting Vivado at Wed Feb  8 19:24:44 2023...
